<?xml version="1.0" encoding="UTF-8"?>
<testng-results ignored="0" total="1" passed="1" failed="0" skipped="0">
  <reporter-output>
    <line>
      <![CDATA[openBrowser]]>
    </line>
    <line>
      <![CDATA[login]]>
    </line>
    <line>
      <![CDATA[CreateCustomer]]>
    </line>
    <line>
      <![CDATA[logout]]>
    </line>
    <line>
      <![CDATA[closeBrowser]]>
    </line>
  </reporter-output>
  <suite started-at="2022-11-26T12:35:53 IST" name="Default suite" finished-at="2022-11-26T12:36:22 IST" duration-ms="28703">
    <groups>
    </groups>
    <test started-at="2022-11-26T12:35:53 IST" name="Default test" finished-at="2022-11-26T12:36:22 IST" duration-ms="28703">
      <class name="com.actitime.testcase.CustomerModule">
        <test-method is-config="true" signature="openBrowser()[pri:0, instance:com.actitime.testcase.CustomerModule@130161f7]" started-at="2022-11-26T12:35:53 IST" name="openBrowser" finished-at="2022-11-26T12:35:56 IST" duration-ms="2790" status="PASS">
          <reporter-output>
            <line>
              <![CDATA[openBrowser]]>
            </line>
          </reporter-output>
        </test-method> <!-- openBrowser -->
        <test-method is-config="true" signature="login()[pri:0, instance:com.actitime.testcase.CustomerModule@130161f7]" started-at="2022-11-26T12:35:56 IST" name="login" finished-at="2022-11-26T12:36:06 IST" duration-ms="10685" status="PASS">
          <reporter-output>
            <line>
              <![CDATA[login]]>
            </line>
          </reporter-output>
        </test-method> <!-- login -->
        <test-method signature="testCreateCustomer()[pri:0, instance:com.actitime.testcase.CustomerModule@130161f7]" started-at="2022-11-26T12:36:06 IST" name="testCreateCustomer" finished-at="2022-11-26T12:36:19 IST" duration-ms="12562" status="PASS">
          <reporter-output>
            <line>
              <![CDATA[CreateCustomer]]>
            </line>
          </reporter-output>
        </test-method> <!-- testCreateCustomer -->
        <test-method is-config="true" signature="logout()[pri:0, instance:com.actitime.testcase.CustomerModule@130161f7]" started-at="2022-11-26T12:36:19 IST" name="logout" finished-at="2022-11-26T12:36:21 IST" duration-ms="2436" status="PASS">
          <reporter-output>
            <line>
              <![CDATA[logout]]>
            </line>
          </reporter-output>
        </test-method> <!-- logout -->
        <test-method is-config="true" signature="closeBrowser()[pri:0, instance:com.actitime.testcase.CustomerModule@130161f7]" started-at="2022-11-26T12:36:21 IST" name="closeBrowser" finished-at="2022-11-26T12:36:22 IST" duration-ms="201" status="PASS">
          <reporter-output>
            <line>
              <![CDATA[closeBrowser]]>
            </line>
          </reporter-output>
        </test-method> <!-- closeBrowser -->
      </class> <!-- com.actitime.testcase.CustomerModule -->
    </test> <!-- Default test -->
  </suite> <!-- Default suite -->
</testng-results>
